<?xml version="1.0" encoding="UTF-8"?>
<testng-results ignored="0" total="1" passed="1" failed="0" skipped="0">
  <reporter-output>
  </reporter-output>
  <suite started-at="2022-11-15T14:55:36 EET" name="Default suite" finished-at="2022-11-15T14:56:01 EET" duration-ms="24500">
    <groups>
    </groups>
    <test started-at="2022-11-15T14:55:36 EET" name="Default test" finished-at="2022-11-15T14:56:01 EET" duration-ms="24500">
      <class name="test.PlaceAnOrderTest">
        <test-method is-config="true" signature="setUp()[pri:0, instance:test.PlaceAnOrderTest@2f217633]" started-at="2022-11-15T14:55:36 EET" name="setUp" finished-at="2022-11-15T14:55:43 EET" duration-ms="6997" status="PASS">
          <reporter-output>
          </reporter-output>
        </test-method> <!-- setUp -->
        <test-method signature="placeTheOrder()[pri:0, instance:test.PlaceAnOrderTest@2f217633]" started-at="2022-11-15T14:55:43 EET" name="placeTheOrder" finished-at="2022-11-15T14:56:01 EET" duration-ms="17171" status="PASS">
          <reporter-output>
          </reporter-output>
        </test-method> <!-- placeTheOrder -->
        <test-method is-config="true" signature="tearDown()[pri:0, instance:test.PlaceAnOrderTest@2f217633]" started-at="2022-11-15T14:56:01 EET" name="tearDown" finished-at="2022-11-15T14:56:01 EET" duration-ms="258" status="PASS">
          <reporter-output>
          </reporter-output>
        </test-method> <!-- tearDown -->
      </class> <!-- test.PlaceAnOrderTest -->
    </test> <!-- Default test -->
  </suite> <!-- Default suite -->
</testng-results>
